# JRE version: Java(TM) SE Runtime Environment (8.0_91-b14) (build 1.8.0_91-b14)
# Java VM: Java HotSpot(TM) Client VM (25.91-b14 mixed mode windows-x86 )
Heap:
 def new generation   total 4928K, used 1168K [0x03c00000, 0x04150000, 0x09150000)
  eden space 4416K,  24% used [0x03c00000, 0x03d12408, 0x04050000)
  from space 512K,  14% used [0x04050000, 0x04061f88, 0x040d0000)
  to   space 512K,   0% used [0x040d0000, 0x040d0000, 0x04150000)
 tenured generation   total 10944K, used 9301K [0x09150000, 0x09c00000, 0x13c00000)
   the space 10944K,  84% used [0x09150000, 0x09a657f0, 0x09a65800, 0x09c00000)
 Metaspace       used 11303K, capacity 11531K, committed 11648K, reserved 11648K
GC Heap History (10 events):
Event: 11.580 GC heap before
{Heap before GC invocations=7 (full 0):
 def new generation   total 4928K, used 4902K [0x03c00000, 0x04150000, 0x09150000)
  eden space 4416K, 100% used [0x03c00000, 0x04050000, 0x04050000)
  from space 512K,  94% used [0x040d0000, 0x04149920, 0x04150000)
  to   space 512K,   0% used [0x04050000, 0x04050000, 0x040d0000)
 tenured generation   total 10944K, used 8563K [0x09150000, 0x09c00000, 0x13c00000)
   the space 10944K,  78% used [0x09150000, 0x099ace78, 0x099ad000, 0x09c00000)
 Metaspace       used 11098K, capacity 11297K, committed 11392K, reserved 11648K
Event: 11.587 GC heap after
Heap after GC invocations=8 (full 0):
 def new generation   total 4928K, used 350K [0x03c00000, 0x04150000, 0x09150000)
  eden space 4416K,   0% used [0x03c00000, 0x03c00000, 0x04050000)
  from space 512K,  68% used [0x04050000, 0x040a7ab8, 0x040d0000)
  to   space 512K,   0% used [0x040d0000, 0x040d0000, 0x04150000)
 tenured generation   total 10944K, used 8850K [0x09150000, 0x09c00000, 0x13c00000)
   the space 10944K,  80% used [0x09150000, 0x099f4888, 0x099f4a00, 0x09c00000)
 Metaspace       used 11098K, capacity 11297K, committed 11392K, reserved 11648K
}
Event: 24.755 GC heap before
{Heap before GC invocations=8 (full 0):
 def new generation   total 4928K, used 4766K [0x03c00000, 0x04150000, 0x09150000)
  eden space 4416K, 100% used [0x03c00000, 0x04050000, 0x04050000)
  from space 512K,  68% used [0x04050000, 0x040a7ab8, 0x040d0000)
  to   space 512K,   0% used [0x040d0000, 0x040d0000, 0x04150000)
 tenured generation   total 10944K, used 8850K [0x09150000, 0x09c00000, 0x13c00000)
   the space 10944K,  80% used [0x09150000, 0x099f4888, 0x099f4a00, 0x09c00000)
 Metaspace       used 11268K, capacity 11489K, committed 11648K, reserved 11648K
Event: 24.762 GC heap after
Heap after GC invocations=9 (full 0):
 def new generation   total 4928K, used 214K [0x03c00000, 0x04150000, 0x09150000)
  eden space 4416K,   0% used [0x03c00000, 0x03c00000, 0x04050000)
  from space 512K,  41% used [0x040d0000, 0x04105af8, 0x04150000)
  to   space 512K,   0% used [0x04050000, 0x04050000, 0x040d0000)
 tenured generation   total 10944K, used 9116K [0x09150000, 0x09c00000, 0x13c00000)
   the space 10944K,  83% used [0x09150000, 0x09a371b0, 0x09a37200, 0x09c00000)
 Metaspace       used 11268K, capacity 11489K, committed 11648K, reserved 11648K
}
Event: 26.794 GC heap before
{Heap before GC invocations=9 (full 0):
 def new generation   total 4928K, used 4619K [0x03c00000, 0x04150000, 0x09150000)
  eden space 4416K,  99% used [0x03c00000, 0x0404d410, 0x04050000)
  from space 512K,  41% used [0x040d0000, 0x04105af8, 0x04150000)
  to   space 512K,   0% used [0x04050000, 0x04050000, 0x040d0000)
 tenured generation   total 10944K, used 9116K [0x09150000, 0x09c00000, 0x13c00000)
   the space 10944K,  83% used [0x09150000, 0x09a371b0, 0x09a37200, 0x09c00000)
 Metaspace       used 11291K, capacity 11499K, committed 11648K, reserved 11648K
Event: 26.799 GC heap after
Heap after GC invocations=10 (full 0):
 def new generation   total 4928K, used 287K [0x03c00000, 0x04150000, 0x09150000)
  eden space 4416K,   0% used [0x03c00000, 0x03c00000, 0x04050000)
  from space 512K,  56% used [0x04050000, 0x04097d88, 0x040d0000)
  to   space 512K,   0% used [0x040d0000, 0x040d0000, 0x04150000)
 tenured generation   total 10944K, used 9116K [0x09150000, 0x09c00000, 0x13c00000)
   the space 10944K,  83% used [0x09150000, 0x09a371b0, 0x09a37200, 0x09c00000)
 Metaspace       used 11291K, capacity 11499K, committed 11648K, reserved 11648K
}
Event: 28.756 GC heap before
{Heap before GC invocations=10 (full 0):
 def new generation   total 4928K, used 4703K [0x03c00000, 0x04150000, 0x09150000)
  eden space 4416K, 100% used [0x03c00000, 0x04050000, 0x04050000)
  from space 512K,  56% used [0x04050000, 0x04097d88, 0x040d0000)
  to   space 512K,   0% used [0x040d0000, 0x040d0000, 0x04150000)
 tenured generation   total 10944K, used 9116K [0x09150000, 0x09c00000, 0x13c00000)
   the space 10944K,  83% used [0x09150000, 0x09a371b0, 0x09a37200, 0x09c00000)
 Metaspace       used 11298K, capacity 11531K, committed 11648K, reserved 11648K
Event: 28.760 GC heap after
Heap after GC invocations=11 (full 0):
 def new generation   total 4928K, used 78K [0x03c00000, 0x04150000, 0x09150000)
  eden space 4416K,   0% used [0x03c00000, 0x03c00000, 0x04050000)
  from space 512K,  15% used [0x040d0000, 0x040e38f0, 0x04150000)
  to   space 512K,   0% used [0x04050000, 0x04050000, 0x040d0000)
 tenured generation   total 10944K, used 9301K [0x09150000, 0x09c00000, 0x13c00000)
   the space 10944K,  84% used [0x09150000, 0x09a657f0, 0x09a65800, 0x09c00000)
 Metaspace       used 11298K, capacity 11531K, committed 11648K, reserved 11648K
}
Event: 29.156 GC heap before
{Heap before GC invocations=11 (full 0):
 def new generation   total 4928K, used 4427K [0x03c00000, 0x04150000, 0x09150000)
  eden space 4416K,  98% used [0x03c00000, 0x0403f380, 0x04050000)
  from space 512K,  15% used [0x040d0000, 0x040e38f0, 0x04150000)
  to   space 512K,   0% used [0x04050000, 0x04050000, 0x040d0000)
 tenured generation   total 10944K, used 9301K [0x09150000, 0x09c00000, 0x13c00000)
   the space 10944K,  84% used [0x09150000, 0x09a657f0, 0x09a65800, 0x09c00000)
 Metaspace       used 11298K, capacity 11531K, committed 11648K, reserved 11648K
Event: 29.159 GC heap after
Heap after GC invocations=12 (full 0):
 def new generation   total 4928K, used 71K [0x03c00000, 0x04150000, 0x09150000)
  eden space 4416K,   0% used [0x03c00000, 0x03c00000, 0x04050000)
  from space 512K,  14% used [0x04050000, 0x04061f88, 0x040d0000)
  to   space 512K,   0% used [0x040d0000, 0x040d0000, 0x04150000)
 tenured generation   total 10944K, used 9301K [0x09150000, 0x09c00000, 0x13c00000)
   the space 10944K,  84% used [0x09150000, 0x09a657f0, 0x09a65800, 0x09c00000)
 Metaspace       used 11298K, capacity 11531K, committed 11648K, reserved 11648K
}

